[debug] > Exec(early(addDefaultCommands), None, None)
[debug] > Exec(addDefaultCommands, None, None)
[debug] > Exec(early(initialize), None, None)
[debug] > Exec(initialize, None, None)
[debug] > Exec(early(addPluginSbtFile="""C:\Users\Administrator\AppData\Local\Temp\idea.sbt"""), None, None)
[debug] > Exec(addPluginSbtFile="""C:\Users\Administrator\AppData\Local\Temp\idea.sbt""", None, None)
[debug] > Exec(boot, None, None)
[debug] > Exec(writeSbtVersion, None, None)
[debug] > Exec(reload, None, None)
[debug] > Exec(sbtStashOnFailure, None, None)
[debug] > Exec(onFailure loadFailed, None, None)
[debug] > Exec(loadp, None, None)
[info] welcome to sbt 1.10.1 (Oracle Corporation Java 22.0.2)
[debug] Load.defaultLoad until apply took 108.3795ms
[debug]           Load.loadUnit: plugins took 89.0824ms
[debug]           Load.loadUnit: defsScala took 0.369ms
[debug] [Loading] Scanning directory C:\Users\Administrator\IdeaProjects\scala basics\project
[debug]             Load.loadUnit: mkEval took 19.2642ms
[debug] [Loading] Found non-root projects 
[debug] [Loading] Done in C:\Users\Administrator\IdeaProjects\scala basics\project, returning: ()
[debug] deducing auto plugins based on known facts Set(Atom(sbt.plugins.CorePlugin)) and clauses Clauses(Clause(Atom(sbt.plugins.JvmPlugin),Set(Atom(sbt.plugins.IvyPlugin)))
[debug] Clause(Atom(sbt.ScriptedPlugin),Set(Atom(sbt.plugins.JvmPlugin)))
[debug] Clause(Atom(sbt.plugins.SbtPlugin),Set(Atom(sbt.ScriptedPlugin)))
[debug] Clause(Atom(sbt.plugins.SemanticdbPlugin),Set(Atom(sbt.plugins.JvmPlugin)))
[debug] Clause(Atom(sbt.plugins.JUnitXmlReportPlugin),Set(Atom(sbt.plugins.JvmPlugin)))
[debug] Clause(Atom(sbt.plugins.MiniDependencyTreePlugin),Set(Atom(sbt.plugins.JvmPlugin)))
[debug] Clause(Atom(sbt.plugins.CorePlugin),Set(Atom(sbt.plugins.IvyPlugin)))
[debug] Clause(Atom(sbt.plugins.IvyPlugin),Set(Atom(sbt.plugins.JvmPlugin)))
[debug] Clause(Atom(sbt.plugins.JvmPlugin),Set(Atom(sbt.plugins.SemanticdbPlugin)))
[debug] Clause(Atom(sbt.plugins.JvmPlugin),Set(Atom(sbt.plugins.JUnitXmlReportPlugin)))
[debug] Clause(Atom(sbt.plugins.CorePlugin),Set(Atom(sbt.plugins.Giter8TemplatePlugin)))
[debug] Clause(Atom(sbt.plugins.JvmPlugin),Set(Atom(sbt.plugins.MiniDependencyTreePlugin))))
[debug]   :: deduced result: Matched(sbt.plugins.CorePlugin,sbt.plugins.Giter8TemplatePlugin,sbt.plugins.IvyPlugin,sbt.plugins.JvmPlugin,sbt.plugins.MiniDependencyTreePlugin,sbt.plugins.JUnitXmlReportPlugin,sbt.plugins.SemanticdbPlugin)
[debug] Plugins.deducer#function took 50.4055 ms
[info] loading settings for project scala-basics-build from idea.sbt ...
[debug]               Load.resolveProject(scala-basics-build) took 127.3956ms
[debug]             Load.loadTransitive: finalizeProject(Project(id scala-basics-build, base: C:\Users\Administrator\IdeaProjects\scala basics\project, plugins: List(<none>))) took 223.0803ms
[debug] [Loading] Done in C:\Users\Administrator\IdeaProjects\scala basics\project, returning: (scala-basics-build)
[debug]           Load.loadUnit: loadedProjectsRaw took 5501.6284ms
[debug]           Load.loadUnit: cleanEvalClasses took 11.7353ms
[debug]         Load.loadUnit(file:/C:/Users/Administrator/IdeaProjects/scala%20basics/project/, ...) took 5611.8189ms
[debug]       Load.apply: load took 5917.0066ms
[debug]       Load.apply: resolveProjects took 5.2755ms
[debug]       Load.apply: finalTransforms took 88.5833ms
[debug]       Load.apply: config.delegates took 6.9317ms
[debug]       Load.apply: Def.make(settings)... took 674.7596ms
[debug]       Load.apply: structureIndex took 134.0377ms
[debug]       Load.apply: mkStreams took 1.5386ms
[info] loading project definition from C:\Users\Administrator\IdeaProjects\scala basics\project
[debug] Running task... Cancel: Signal, check cycles: false, forcegc: true
[debug]     Load.loadUnit: plugins took 12985.9032ms
[debug]     Load.loadUnit: defsScala took 0.0141ms
[debug] [Loading] Scanning directory C:\Users\Administrator\IdeaProjects\scala basics
[debug]       Load.loadUnit: mkEval took 1.5852ms
[debug] [Loading] Found root project root w/ remaining 
[debug] deducing auto plugins based on known facts Set(Atom(sbt.plugins.CorePlugin)) and clauses Clauses(Clause(Atom(sbt.plugins.JvmPlugin),Set(Atom(sbt.plugins.IvyPlugin)))
[debug] Clause(Atom(sbt.ScriptedPlugin),Set(Atom(sbt.plugins.JvmPlugin)))
[debug] Clause(Atom(sbt.plugins.SbtPlugin),Set(Atom(sbt.ScriptedPlugin)))
[debug] Clause(Atom(sbt.plugins.SemanticdbPlugin),Set(Atom(sbt.plugins.JvmPlugin)))
[debug] Clause(Atom(sbt.plugins.JUnitXmlReportPlugin),Set(Atom(sbt.plugins.JvmPlugin)))
[debug] Clause(Atom(sbt.plugins.MiniDependencyTreePlugin),Set(Atom(sbt.plugins.JvmPlugin)))
[debug] Clause(Atom(org.jetbrains.sbt.StructurePlugin),Set(Atom(sbt.plugins.JvmPlugin)))
[debug] Clause(Atom(org.jetbrains.sbt.IdeaShellPlugin),Set(Atom(sbt.plugins.JvmPlugin)))
[debug] Clause(Atom(sbt.plugins.CorePlugin),Set(Atom(sbt.plugins.IvyPlugin)))
[debug] Clause(Atom(sbt.plugins.IvyPlugin),Set(Atom(sbt.plugins.JvmPlugin)))
[debug] Clause(Atom(sbt.plugins.JvmPlugin),Set(Atom(sbt.plugins.SemanticdbPlugin)))
[debug] Clause(Atom(sbt.plugins.JvmPlugin),Set(Atom(sbt.plugins.JUnitXmlReportPlugin)))
[debug] Clause(Atom(sbt.plugins.CorePlugin),Set(Atom(sbt.plugins.Giter8TemplatePlugin)))
[debug] Clause(Atom(sbt.plugins.JvmPlugin),Set(Atom(sbt.plugins.MiniDependencyTreePlugin)))
[debug] Clause(Atom(sbt.plugins.JvmPlugin),Set(Atom(org.jetbrains.sbt.StructurePlugin)))
[debug] Clause(Atom(sbt.plugins.JvmPlugin),Set(Atom(org.jetbrains.sbt.IdeaShellPlugin))))
[debug]   :: deduced result: Matched(sbt.plugins.CorePlugin,sbt.plugins.Giter8TemplatePlugin,sbt.plugins.IvyPlugin,sbt.plugins.JvmPlugin,sbt.plugins.SemanticdbPlugin,sbt.plugins.JUnitXmlReportPlugin,org.jetbrains.sbt.IdeaShellPlugin,org.jetbrains.sbt.StructurePlugin,sbt.plugins.MiniDependencyTreePlugin)
[debug] Plugins.deducer#function took 121.4993 ms
[info] loading settings for project root from build.sbt ...
[debug]         Load.resolveProject(root) took 138.4555ms
[debug]       Load.loadTransitive: finalizeProject(Project(id root, base: C:\Users\Administrator\IdeaProjects\scala basics, plugins: List(<none>))) took 262.4494ms
[debug] [Loading] Done in C:\Users\Administrator\IdeaProjects\scala basics, returning: (root)
[debug]     Load.loadUnit: loadedProjectsRaw took 7702.2426ms
[debug]     Load.loadUnit: cleanEvalClasses took 159.5911ms
[debug]   Load.loadUnit(file:/C:/Users/Administrator/IdeaProjects/scala%20basics/, ...) took 20850.8638ms
[debug] Load.apply: load took 20871.4725ms
[debug] Load.apply: resolveProjects took 0.2159ms
[debug] Load.apply: finalTransforms took 412.3949ms
[debug] Load.apply: config.delegates took 6.0979ms
[debug] Load.apply: Def.make(settings)... took 1592.2824ms
[debug] Load.apply: structureIndex took 25.511ms
[debug] Load.apply: mkStreams took 0.0028ms
[info] set current project to scala basics (in build file:/C:/Users/Administrator/IdeaProjects/scala%20basics/)
[debug] > Exec(sbtPopOnFailure, None, None)
[debug] > Exec(resumeFromFailure, None, None)
[debug] > Exec(notifyUsersAboutShell, None, None)
[debug] > Exec(iflast shell, None, None)
[debug] > Exec(idea-shell, None, None)
